[INFO][1720][8556]--2022-07-31 19:59:06,601--[testcasedemo.py test_eq 12]: 等于校验
[INFO][1720][8556]--2022-07-31 19:59:06,605--[testcasedemo.py test_noteq 17]: 不等于校验
[INFO][5072][5776]--2022-07-31 20:04:20,209--[testcasedemo.py test_eq 22]: 等于校验
[INFO][5072][5776]--2022-07-31 20:04:20,213--[testcasedemo.py test_noteq 26]: 不等于校验
[INFO][8436][104]--2022-07-31 20:08:05,182--[testcasedemo.py setup_class 14]: _______setup_class______
[INFO][8436][104]--2022-07-31 20:08:05,183--[testcasedemo.py setup 20]: _______setup______
[INFO][8436][104]--2022-07-31 20:08:05,184--[testcasedemo.py test_eq 28]: 等于校验
[INFO][8436][104]--2022-07-31 20:08:05,186--[testcasedemo.py teardown 23]: _______teardown______
[INFO][8436][104]--2022-07-31 20:08:05,188--[testcasedemo.py setup 20]: _______setup______
[INFO][8436][104]--2022-07-31 20:08:05,189--[testcasedemo.py test_noteq 32]: 不等于校验
[INFO][8436][104]--2022-07-31 20:08:05,190--[testcasedemo.py teardown 23]: _______teardown______
[INFO][8436][104]--2022-07-31 20:08:05,191--[testcasedemo.py teardown_class 17]: _______teardown_class______
[DEBUG][1388][12148]--2022-07-31 20:08:49,995--[LogUtil.py <module> 58]: aaaaaaaaaaaaaaaaaa
[DEBUG][8764][7092]--2022-07-31 20:09:49,655--[E:/InterAutoTest/utils/LogUtil.py <module> 58]: aaaaaaaaaaaaaaaaaa
[INFO][276][13008]--2022-07-31 20:10:03,677--[E:\InterAutoTest\testcase\testcasedemo.py setup_class 14]: _______setup_class______
[INFO][276][13008]--2022-07-31 20:10:03,678--[E:\InterAutoTest\testcase\testcasedemo.py setup 20]: _______setup______
[INFO][276][13008]--2022-07-31 20:10:03,679--[E:\InterAutoTest\testcase\testcasedemo.py test_eq 28]: 等于校验
[INFO][276][13008]--2022-07-31 20:10:03,680--[E:\InterAutoTest\testcase\testcasedemo.py teardown 23]: _______teardown______
[INFO][276][13008]--2022-07-31 20:10:03,682--[E:\InterAutoTest\testcase\testcasedemo.py setup 20]: _______setup______
[INFO][276][13008]--2022-07-31 20:10:03,683--[E:\InterAutoTest\testcase\testcasedemo.py test_noteq 32]: 不等于校验
[INFO][276][13008]--2022-07-31 20:10:03,685--[E:\InterAutoTest\testcase\testcasedemo.py teardown 23]: _______teardown______
[INFO][276][13008]--2022-07-31 20:10:03,685--[E:\InterAutoTest\testcase\testcasedemo.py teardown_class 17]: _______teardown_class______
[INFO][13536][14456]--2022-07-31 20:21:56,472--[E:\InterAutoTest\testcase\testcasedemo.py setup_class 14]: _______setup_class______
[INFO][13536][14456]--2022-07-31 20:21:56,472--[E:\InterAutoTest\testcase\testcasedemo.py setup 20]: _______setup______
[INFO][13536][14456]--2022-07-31 20:21:56,474--[E:\InterAutoTest\testcase\testcasedemo.py test_eq 28]: 等于校验
[INFO][13536][14456]--2022-07-31 20:21:56,475--[E:\InterAutoTest\testcase\testcasedemo.py teardown 23]: _______teardown______
[INFO][13536][14456]--2022-07-31 20:21:56,477--[E:\InterAutoTest\testcase\testcasedemo.py setup 20]: _______setup______
[INFO][13536][14456]--2022-07-31 20:21:56,479--[E:\InterAutoTest\testcase\testcasedemo.py test_noteq 32]: 不等于校验
[INFO][13536][14456]--2022-07-31 20:21:56,480--[E:\InterAutoTest\testcase\testcasedemo.py teardown 23]: _______teardown______
[INFO][13536][14456]--2022-07-31 20:21:56,480--[E:\InterAutoTest\testcase\testcasedemo.py teardown_class 17]: _______teardown_class______
[INFO][8196][2704]--2022-07-31 20:31:09,872--[E:\InterAutoTest\testcase\testcasedemo.py setup_class 14]: _______setup_class______
[INFO][8196][2704]--2022-07-31 20:31:09,872--[E:\InterAutoTest\testcase\testcasedemo.py setup 20]: _______setup______
[INFO][8196][2704]--2022-07-31 20:31:09,873--[E:\InterAutoTest\testcase\testcasedemo.py test_eq 28]: 等于校验
[INFO][8196][2704]--2022-07-31 20:31:09,874--[E:\InterAutoTest\testcase\testcasedemo.py teardown 23]: _______teardown______
[INFO][8196][2704]--2022-07-31 20:31:09,877--[E:\InterAutoTest\testcase\testcasedemo.py setup 20]: _______setup______
[INFO][8196][2704]--2022-07-31 20:31:09,878--[E:\InterAutoTest\testcase\testcasedemo.py test_noteq 32]: 不等于校验
[INFO][8196][2704]--2022-07-31 20:31:09,970--[E:\InterAutoTest\testcase\testcasedemo.py teardown 23]: _______teardown______
[INFO][8196][2704]--2022-07-31 20:31:09,970--[E:\InterAutoTest\testcase\testcasedemo.py teardown_class 17]: _______teardown_class______
[INFO][8196][2704]--2022-07-31 20:31:29,972--[E:\InterAutoTest\testcase\testcasedemo.py setup_class 14]: _______setup_class______
[INFO][8196][2704]--2022-07-31 20:31:29,972--[E:\InterAutoTest\testcase\testcasedemo.py setup 20]: _______setup______
[INFO][8196][2704]--2022-07-31 20:31:29,973--[E:\InterAutoTest\testcase\testcasedemo.py test_noteq 32]: 不等于校验
[INFO][8196][2704]--2022-07-31 20:31:29,980--[E:\InterAutoTest\testcase\testcasedemo.py teardown 23]: _______teardown______
[INFO][8196][2704]--2022-07-31 20:31:29,980--[E:\InterAutoTest\testcase\testcasedemo.py teardown_class 17]: _______teardown_class______
[INFO][8196][2704]--2022-07-31 20:31:49,982--[E:\InterAutoTest\testcase\testcasedemo.py setup_class 14]: _______setup_class______
[INFO][8196][2704]--2022-07-31 20:31:49,982--[E:\InterAutoTest\testcase\testcasedemo.py setup 20]: _______setup______
[INFO][8196][2704]--2022-07-31 20:31:49,983--[E:\InterAutoTest\testcase\testcasedemo.py test_noteq 32]: 不等于校验
[INFO][8196][2704]--2022-07-31 20:31:49,990--[E:\InterAutoTest\testcase\testcasedemo.py teardown 23]: _______teardown______
[INFO][8196][2704]--2022-07-31 20:31:49,990--[E:\InterAutoTest\testcase\testcasedemo.py teardown_class 17]: _______teardown_class______
[INFO][8196][2704]--2022-07-31 20:32:09,992--[E:\InterAutoTest\testcase\testcasedemo.py setup_class 14]: _______setup_class______
[INFO][8196][2704]--2022-07-31 20:32:09,992--[E:\InterAutoTest\testcase\testcasedemo.py setup 20]: _______setup______
[INFO][8196][2704]--2022-07-31 20:32:09,993--[E:\InterAutoTest\testcase\testcasedemo.py test_noteq 32]: 不等于校验
[INFO][8196][2704]--2022-07-31 20:32:10,000--[E:\InterAutoTest\testcase\testcasedemo.py teardown 23]: _______teardown______
[INFO][8196][2704]--2022-07-31 20:32:10,000--[E:\InterAutoTest\testcase\testcasedemo.py teardown_class 17]: _______teardown_class______
[INFO][11068][108]--2022-07-31 20:33:14,923--[E:\InterAutoTest\testcase\testcasedemo.py setup_class 14]: _______setup_class______
[INFO][11068][108]--2022-07-31 20:33:14,924--[E:\InterAutoTest\testcase\testcasedemo.py setup 20]: _______setup______
[INFO][11068][108]--2022-07-31 20:33:14,925--[E:\InterAutoTest\testcase\testcasedemo.py test_eq 28]: 等于校验
[INFO][11068][108]--2022-07-31 20:33:14,926--[E:\InterAutoTest\testcase\testcasedemo.py teardown 23]: _______teardown______
[INFO][11068][108]--2022-07-31 20:33:14,929--[E:\InterAutoTest\testcase\testcasedemo.py setup 20]: _______setup______
[INFO][11068][108]--2022-07-31 20:33:14,930--[E:\InterAutoTest\testcase\testcasedemo.py test_noteq 32]: 不等于校验
[INFO][11068][108]--2022-07-31 20:33:15,018--[E:\InterAutoTest\testcase\testcasedemo.py teardown 23]: _______teardown______
[INFO][11068][108]--2022-07-31 20:33:15,018--[E:\InterAutoTest\testcase\testcasedemo.py teardown_class 17]: _______teardown_class______
[INFO][11068][108]--2022-07-31 20:33:35,020--[E:\InterAutoTest\testcase\testcasedemo.py setup_class 14]: _______setup_class______
[INFO][11068][108]--2022-07-31 20:33:35,020--[E:\InterAutoTest\testcase\testcasedemo.py setup 20]: _______setup______
[INFO][11068][108]--2022-07-31 20:33:35,021--[E:\InterAutoTest\testcase\testcasedemo.py test_noteq 32]: 不等于校验
[INFO][11068][108]--2022-07-31 20:33:35,028--[E:\InterAutoTest\testcase\testcasedemo.py teardown 23]: _______teardown______
[INFO][11068][108]--2022-07-31 20:33:35,029--[E:\InterAutoTest\testcase\testcasedemo.py teardown_class 17]: _______teardown_class______
[INFO][11068][108]--2022-07-31 20:33:55,031--[E:\InterAutoTest\testcase\testcasedemo.py setup_class 14]: _______setup_class______
[INFO][11068][108]--2022-07-31 20:33:55,031--[E:\InterAutoTest\testcase\testcasedemo.py setup 20]: _______setup______
[INFO][11068][108]--2022-07-31 20:33:55,032--[E:\InterAutoTest\testcase\testcasedemo.py test_noteq 32]: 不等于校验
[INFO][11068][108]--2022-07-31 20:33:55,039--[E:\InterAutoTest\testcase\testcasedemo.py teardown 23]: _______teardown______
[INFO][11068][108]--2022-07-31 20:33:55,039--[E:\InterAutoTest\testcase\testcasedemo.py teardown_class 17]: _______teardown_class______
[INFO][11068][108]--2022-07-31 20:34:15,041--[E:\InterAutoTest\testcase\testcasedemo.py setup_class 14]: _______setup_class______
[INFO][11068][108]--2022-07-31 20:34:15,041--[E:\InterAutoTest\testcase\testcasedemo.py setup 20]: _______setup______
[INFO][11068][108]--2022-07-31 20:34:15,042--[E:\InterAutoTest\testcase\testcasedemo.py test_noteq 32]: 不等于校验
[INFO][11068][108]--2022-07-31 20:34:15,049--[E:\InterAutoTest\testcase\testcasedemo.py teardown 23]: _______teardown______
[INFO][11068][108]--2022-07-31 20:34:15,049--[E:\InterAutoTest\testcase\testcasedemo.py teardown_class 17]: _______teardown_class______
[INFO][13296][14076]--2022-07-31 20:35:14,267--[E:\InterAutoTest\testcase\testcasedemo.py setup_class 14]: _______setup_class______
[INFO][13296][14076]--2022-07-31 20:35:14,267--[E:\InterAutoTest\testcase\testcasedemo.py setup 20]: _______setup______
[INFO][13296][14076]--2022-07-31 20:35:14,268--[E:\InterAutoTest\testcase\testcasedemo.py test_eq 28]: 等于校验
[INFO][13296][14076]--2022-07-31 20:35:14,269--[E:\InterAutoTest\testcase\testcasedemo.py teardown 23]: _______teardown______
[INFO][13296][14076]--2022-07-31 20:35:14,273--[E:\InterAutoTest\testcase\testcasedemo.py setup 20]: _______setup______
[INFO][13296][14076]--2022-07-31 20:35:14,273--[E:\InterAutoTest\testcase\testcasedemo.py test_noteq 32]: 不等于校验
[INFO][13296][14076]--2022-07-31 20:35:14,365--[E:\InterAutoTest\testcase\testcasedemo.py teardown 23]: _______teardown______
[INFO][13296][14076]--2022-07-31 20:35:14,366--[E:\InterAutoTest\testcase\testcasedemo.py teardown_class 17]: _______teardown_class______
[INFO][13296][14076]--2022-07-31 20:35:19,368--[E:\InterAutoTest\testcase\testcasedemo.py setup_class 14]: _______setup_class______
[INFO][13296][14076]--2022-07-31 20:35:19,368--[E:\InterAutoTest\testcase\testcasedemo.py setup 20]: _______setup______
[INFO][13296][14076]--2022-07-31 20:35:19,369--[E:\InterAutoTest\testcase\testcasedemo.py test_noteq 32]: 不等于校验
[INFO][13296][14076]--2022-07-31 20:35:19,375--[E:\InterAutoTest\testcase\testcasedemo.py teardown 23]: _______teardown______
[INFO][13296][14076]--2022-07-31 20:35:19,376--[E:\InterAutoTest\testcase\testcasedemo.py teardown_class 17]: _______teardown_class______
[INFO][13296][14076]--2022-07-31 20:35:24,378--[E:\InterAutoTest\testcase\testcasedemo.py setup_class 14]: _______setup_class______
[INFO][13296][14076]--2022-07-31 20:35:24,378--[E:\InterAutoTest\testcase\testcasedemo.py setup 20]: _______setup______
[INFO][13296][14076]--2022-07-31 20:35:24,379--[E:\InterAutoTest\testcase\testcasedemo.py test_noteq 32]: 不等于校验
[INFO][13296][14076]--2022-07-31 20:35:24,385--[E:\InterAutoTest\testcase\testcasedemo.py teardown 23]: _______teardown______
[INFO][13296][14076]--2022-07-31 20:35:24,386--[E:\InterAutoTest\testcase\testcasedemo.py teardown_class 17]: _______teardown_class______
[INFO][5280][11332]--2022-07-31 20:48:16,332--[E:\InterAutoTest\testcase\testcasedemo.py setup_class 14]: _______setup_class______
[INFO][5280][11332]--2022-07-31 20:48:16,333--[E:\InterAutoTest\testcase\testcasedemo.py setup 20]: _______setup______
[INFO][5280][11332]--2022-07-31 20:48:16,334--[E:\InterAutoTest\testcase\testcasedemo.py test_noteq 31]: 不等于校验
[INFO][5280][11332]--2022-07-31 20:48:16,335--[E:\InterAutoTest\testcase\testcasedemo.py teardown 23]: _______teardown______
[INFO][5280][11332]--2022-07-31 20:48:16,338--[E:\InterAutoTest\testcase\testcasedemo.py setup 20]: _______setup______
[INFO][5280][11332]--2022-07-31 20:48:16,339--[E:\InterAutoTest\testcase\testcasedemo.py test_noteq 31]: 不等于校验
[INFO][5280][11332]--2022-07-31 20:48:16,426--[E:\InterAutoTest\testcase\testcasedemo.py teardown 23]: _______teardown______
[INFO][5280][11332]--2022-07-31 20:48:16,426--[E:\InterAutoTest\testcase\testcasedemo.py teardown_class 17]: _______teardown_class______
[INFO][5280][11332]--2022-07-31 20:48:21,429--[E:\InterAutoTest\testcase\testcasedemo.py setup_class 14]: _______setup_class______
[INFO][5280][11332]--2022-07-31 20:48:21,429--[E:\InterAutoTest\testcase\testcasedemo.py setup 20]: _______setup______
[INFO][5280][11332]--2022-07-31 20:48:21,430--[E:\InterAutoTest\testcase\testcasedemo.py test_noteq 31]: 不等于校验
[INFO][5280][11332]--2022-07-31 20:48:21,437--[E:\InterAutoTest\testcase\testcasedemo.py teardown 23]: _______teardown______
[INFO][5280][11332]--2022-07-31 20:48:21,437--[E:\InterAutoTest\testcase\testcasedemo.py teardown_class 17]: _______teardown_class______
[INFO][5280][11332]--2022-07-31 20:48:26,439--[E:\InterAutoTest\testcase\testcasedemo.py setup_class 14]: _______setup_class______
[INFO][5280][11332]--2022-07-31 20:48:26,439--[E:\InterAutoTest\testcase\testcasedemo.py setup 20]: _______setup______
[INFO][5280][11332]--2022-07-31 20:48:26,440--[E:\InterAutoTest\testcase\testcasedemo.py test_noteq 31]: 不等于校验
[INFO][5280][11332]--2022-07-31 20:48:26,447--[E:\InterAutoTest\testcase\testcasedemo.py teardown 23]: _______teardown______
[INFO][5280][11332]--2022-07-31 20:48:26,447--[E:\InterAutoTest\testcase\testcasedemo.py teardown_class 17]: _______teardown_class______
[INFO][6044][8364]--2022-07-31 20:57:29,331--[E:\InterAutoTest\testcase\testcasedemo.py setup_class 13]: _______setup_class______
[INFO][6044][8364]--2022-07-31 20:57:29,331--[E:\InterAutoTest\testcase\testcasedemo.py setup 19]: _______setup______
[INFO][6044][8364]--2022-07-31 20:57:29,332--[E:\InterAutoTest\testcase\testcasedemo.py test_noteq 29]: 不等于校验zhangsan
[INFO][6044][8364]--2022-07-31 20:57:29,333--[E:\InterAutoTest\testcase\testcasedemo.py teardown 22]: _______teardown______
[INFO][6044][8364]--2022-07-31 20:57:29,336--[E:\InterAutoTest\testcase\testcasedemo.py setup 19]: _______setup______
[INFO][6044][8364]--2022-07-31 20:57:29,337--[E:\InterAutoTest\testcase\testcasedemo.py test_noteq 29]: 不等于校验lisi
[INFO][6044][8364]--2022-07-31 20:57:29,424--[E:\InterAutoTest\testcase\testcasedemo.py teardown 22]: _______teardown______
[INFO][6044][8364]--2022-07-31 20:57:29,424--[E:\InterAutoTest\testcase\testcasedemo.py teardown_class 16]: _______teardown_class______
[INFO][6044][8364]--2022-07-31 20:57:34,426--[E:\InterAutoTest\testcase\testcasedemo.py setup_class 13]: _______setup_class______
[INFO][6044][8364]--2022-07-31 20:57:34,426--[E:\InterAutoTest\testcase\testcasedemo.py setup 19]: _______setup______
[INFO][6044][8364]--2022-07-31 20:57:34,427--[E:\InterAutoTest\testcase\testcasedemo.py test_noteq 29]: 不等于校验lisi
[INFO][6044][8364]--2022-07-31 20:57:34,434--[E:\InterAutoTest\testcase\testcasedemo.py teardown 22]: _______teardown______
[INFO][6044][8364]--2022-07-31 20:57:34,434--[E:\InterAutoTest\testcase\testcasedemo.py teardown_class 16]: _______teardown_class______
[INFO][6044][8364]--2022-07-31 20:57:39,437--[E:\InterAutoTest\testcase\testcasedemo.py setup_class 13]: _______setup_class______
[INFO][6044][8364]--2022-07-31 20:57:39,437--[E:\InterAutoTest\testcase\testcasedemo.py setup 19]: _______setup______
[INFO][6044][8364]--2022-07-31 20:57:39,438--[E:\InterAutoTest\testcase\testcasedemo.py test_noteq 29]: 不等于校验lisi
[INFO][6044][8364]--2022-07-31 20:57:39,445--[E:\InterAutoTest\testcase\testcasedemo.py teardown 22]: _______teardown______
[INFO][6044][8364]--2022-07-31 20:57:39,445--[E:\InterAutoTest\testcase\testcasedemo.py teardown_class 16]: _______teardown_class______
[INFO][9180][1860]--2022-07-31 21:18:46,029--[E:\InterAutoTest\testcase\testcasedemo.py setup_class 13]: _______setup_class______
[INFO][9180][1860]--2022-07-31 21:18:46,030--[E:\InterAutoTest\testcase\testcasedemo.py setup 19]: _______setup______
[INFO][9180][1860]--2022-07-31 21:18:46,030--[E:\InterAutoTest\testcase\testcasedemo.py test_noteq 29]: 不等于校验zhangsan
[INFO][9180][1860]--2022-07-31 21:18:46,031--[E:\InterAutoTest\testcase\testcasedemo.py teardown 22]: _______teardown______
[INFO][9180][1860]--2022-07-31 21:18:46,033--[E:\InterAutoTest\testcase\testcasedemo.py setup 19]: _______setup______
[INFO][9180][1860]--2022-07-31 21:18:46,034--[E:\InterAutoTest\testcase\testcasedemo.py test_noteq 29]: 不等于校验lisi
[INFO][9180][1860]--2022-07-31 21:18:46,110--[E:\InterAutoTest\testcase\testcasedemo.py teardown 22]: _______teardown______
[INFO][9180][1860]--2022-07-31 21:18:46,111--[E:\InterAutoTest\testcase\testcasedemo.py teardown_class 16]: _______teardown_class______
[INFO][9180][1860]--2022-07-31 21:18:51,113--[E:\InterAutoTest\testcase\testcasedemo.py setup_class 13]: _______setup_class______
[INFO][9180][1860]--2022-07-31 21:18:51,113--[E:\InterAutoTest\testcase\testcasedemo.py setup 19]: _______setup______
[INFO][9180][1860]--2022-07-31 21:18:51,114--[E:\InterAutoTest\testcase\testcasedemo.py test_noteq 29]: 不等于校验lisi
[INFO][9180][1860]--2022-07-31 21:18:51,120--[E:\InterAutoTest\testcase\testcasedemo.py teardown 22]: _______teardown______
[INFO][9180][1860]--2022-07-31 21:18:51,120--[E:\InterAutoTest\testcase\testcasedemo.py teardown_class 16]: _______teardown_class______
[INFO][9180][1860]--2022-07-31 21:18:56,122--[E:\InterAutoTest\testcase\testcasedemo.py setup_class 13]: _______setup_class______
[INFO][9180][1860]--2022-07-31 21:18:56,122--[E:\InterAutoTest\testcase\testcasedemo.py setup 19]: _______setup______
[INFO][9180][1860]--2022-07-31 21:18:56,123--[E:\InterAutoTest\testcase\testcasedemo.py test_noteq 29]: 不等于校验lisi
[INFO][9180][1860]--2022-07-31 21:18:56,135--[E:\InterAutoTest\testcase\testcasedemo.py teardown 22]: _______teardown______
[INFO][9180][1860]--2022-07-31 21:18:56,135--[E:\InterAutoTest\testcase\testcasedemo.py teardown_class 16]: _______teardown_class______
